# JRE version: OpenJDK Runtime Environment Temurin-17.0.11+9 (17.0.11+9) (build 17.0.11+9)
# Java VM: OpenJDK 64-Bit Server VM Temurin-17.0.11+9 (17.0.11+9, mixed mode, tiered, compressed oops, compressed class ptrs, parallel gc, windows-amd64)
GC Precious Log:
 CPUs: 16 total, 16 available
 Memory: 16331M
 Large Page Support: Disabled
 NUMA Support: Disabled
 Compressed Oops: Enabled (32-bit)
 Alignments: Space 512K, Generation 512K, Heap 2M
 Heap Min Capacity: 100M
 Heap Initial Capacity: 100M
 Heap Max Capacity: 1G
 Pre-touch: Disabled
 Parallel Workers: 13
Heap:
 PSYoungGen      total 48128K, used 21941K [0x00000000eab00000, 0x00000000ee180000, 0x0000000100000000)
  eden space 43520K, 44% used [0x00000000eab00000,0x00000000ebdc6858,0x00000000ed580000)
  from space 4608K, 58% used [0x00000000ed980000,0x00000000edc26f10,0x00000000ede00000)
  to   space 3072K, 0% used [0x00000000ede80000,0x00000000ede80000,0x00000000ee180000)
 ParOldGen       total 303104K, used 280876K [0x00000000c0000000, 0x00000000d2800000, 0x00000000eab00000)
  object space 303104K, 92% used [0x00000000c0000000,0x00000000d124b3f0,0x00000000d2800000)
 Metaspace       used 57592K, committed 58688K, reserved 1114112K
  class space    used 6066K, committed 6528K, reserved 1048576K
GC Heap History (20 events):
Event: 67.025 GC heap before
{Heap before GC invocations=109 (full 7):
 PSYoungGen      total 33792K, used 33454K [0x00000000eab00000, 0x00000000ed580000, 0x0000000100000000)
  eden space 27648K, 100% used [0x00000000eab00000,0x00000000ec600000,0x00000000ec600000)
  from space 6144K, 94% used [0x00000000ecf80000,0x00000000ed52bb98,0x00000000ed580000)
  to   space 7680K, 0% used [0x00000000ec680000,0x00000000ec680000,0x00000000ece00000)
 ParOldGen       total 238592K, used 231281K [0x00000000c0000000, 0x00000000ce900000, 0x00000000eab00000)
  object space 238592K, 96% used [0x00000000c0000000,0x00000000ce1dc7b0,0x00000000ce900000)
 Metaspace       used 57518K, committed 58560K, reserved 1114112K
  class space    used 6060K, committed 6528K, reserved 1048576K
}
Event: 67.029 GC heap after
{Heap after GC invocations=109 (full 7):
 PSYoungGen      total 35840K, used 6842K [0x00000000eab00000, 0x00000000ed700000, 0x0000000100000000)
  eden space 28160K, 0% used [0x00000000eab00000,0x00000000eab00000,0x00000000ec680000)
  from space 7680K, 89% used [0x00000000ec680000,0x00000000ecd2eb80,0x00000000ece00000)
  to   space 7168K, 0% used [0x00000000ed000000,0x00000000ed000000,0x00000000ed700000)
 ParOldGen       total 238592K, used 236563K [0x00000000c0000000, 0x00000000ce900000, 0x00000000eab00000)
  object space 238592K, 99% used [0x00000000c0000000,0x00000000ce704fb8,0x00000000ce900000)
 Metaspace       used 57518K, committed 58560K, reserved 1114112K
  class space    used 6060K, committed 6528K, reserved 1048576K
}
Event: 67.029 GC heap before
{Heap before GC invocations=110 (full 8):
 PSYoungGen      total 35840K, used 6842K [0x00000000eab00000, 0x00000000ed700000, 0x0000000100000000)
  eden space 28160K, 0% used [0x00000000eab00000,0x00000000eab00000,0x00000000ec680000)
  from space 7680K, 89% used [0x00000000ec680000,0x00000000ecd2eb80,0x00000000ece00000)
  to   space 7168K, 0% used [0x00000000ed000000,0x00000000ed000000,0x00000000ed700000)
 ParOldGen       total 238592K, used 236563K [0x00000000c0000000, 0x00000000ce900000, 0x00000000eab00000)
  object space 238592K, 99% used [0x00000000c0000000,0x00000000ce704fb8,0x00000000ce900000)
 Metaspace       used 57518K, committed 58560K, reserved 1114112K
  class space    used 6060K, committed 6528K, reserved 1048576K
}
Event: 67.092 GC heap after
{Heap after GC invocations=110 (full 8):
 PSYoungGen      total 35840K, used 464K [0x00000000eab00000, 0x00000000ed780000, 0x0000000100000000)
  eden space 28160K, 0% used [0x00000000eab00000,0x00000000eab00000,0x00000000ec680000)
  from space 7680K, 6% used [0x00000000ec680000,0x00000000ec6f4268,0x00000000ece00000)
  to   space 7168K, 0% used [0x00000000ed080000,0x00000000ed080000,0x00000000ed780000)
 ParOldGen       total 303104K, used 238346K [0x00000000c0000000, 0x00000000d2800000, 0x00000000eab00000)
  object space 303104K, 78% used [0x00000000c0000000,0x00000000ce8c2a70,0x00000000d2800000)
 Metaspace       used 57518K, committed 58560K, reserved 1114112K
  class space    used 6060K, committed 6528K, reserved 1048576K
}
Event: 67.126 GC heap before
{Heap before GC invocations=111 (full 8):
 PSYoungGen      total 35840K, used 28624K [0x00000000eab00000, 0x00000000ed780000, 0x0000000100000000)
  eden space 28160K, 100% used [0x00000000eab00000,0x00000000ec680000,0x00000000ec680000)
  from space 7680K, 6% used [0x00000000ec680000,0x00000000ec6f4268,0x00000000ece00000)
  to   space 7168K, 0% used [0x00000000ed080000,0x00000000ed080000,0x00000000ed780000)
 ParOldGen       total 303104K, used 238346K [0x00000000c0000000, 0x00000000d2800000, 0x00000000eab00000)
  object space 303104K, 78% used [0x00000000c0000000,0x00000000ce8c2a70,0x00000000d2800000)
 Metaspace       used 57518K, committed 58560K, reserved 1114112K
  class space    used 6060K, committed 6528K, reserved 1048576K
}
Event: 67.137 GC heap after
{Heap after GC invocations=111 (full 8):
 PSYoungGen      total 36864K, used 7160K [0x00000000eab00000, 0x00000000eda80000, 0x0000000100000000)
  eden space 29696K, 0% used [0x00000000eab00000,0x00000000eab00000,0x00000000ec800000)
  from space 7168K, 99% used [0x00000000ed080000,0x00000000ed77e1b0,0x00000000ed780000)
  to   space 8704K, 0% used [0x00000000ec800000,0x00000000ec800000,0x00000000ed080000)
 ParOldGen       total 303104K, used 239395K [0x00000000c0000000, 0x00000000d2800000, 0x00000000eab00000)
  object space 303104K, 78% used [0x00000000c0000000,0x00000000ce9c8ed8,0x00000000d2800000)
 Metaspace       used 57518K, committed 58560K, reserved 1114112K
  class space    used 6060K, committed 6528K, reserved 1048576K
}
Event: 67.154 GC heap before
{Heap before GC invocations=112 (full 8):
 PSYoungGen      total 36864K, used 36856K [0x00000000eab00000, 0x00000000eda80000, 0x0000000100000000)
  eden space 29696K, 100% used [0x00000000eab00000,0x00000000ec800000,0x00000000ec800000)
  from space 7168K, 99% used [0x00000000ed080000,0x00000000ed77e1b0,0x00000000ed780000)
  to   space 8704K, 0% used [0x00000000ec800000,0x00000000ec800000,0x00000000ed080000)
 ParOldGen       total 303104K, used 239395K [0x00000000c0000000, 0x00000000d2800000, 0x00000000eab00000)
  object space 303104K, 78% used [0x00000000c0000000,0x00000000ce9c8ed8,0x00000000d2800000)
 Metaspace       used 57518K, committed 58560K, reserved 1114112K
  class space    used 6060K, committed 6528K, reserved 1048576K
}
Event: 67.162 GC heap after
{Heap after GC invocations=112 (full 8):
 PSYoungGen      total 38400K, used 8698K [0x00000000eab00000, 0x00000000eef80000, 0x0000000100000000)
  eden space 29696K, 0% used [0x00000000eab00000,0x00000000eab00000,0x00000000ec800000)
  from space 8704K, 99% used [0x00000000ec800000,0x00000000ed07e968,0x00000000ed080000)
  to   space 18432K, 0% used [0x00000000edd80000,0x00000000edd80000,0x00000000eef80000)
 ParOldGen       total 303104K, used 247241K [0x00000000c0000000, 0x00000000d2800000, 0x00000000eab00000)
  object space 303104K, 81% used [0x00000000c0000000,0x00000000cf172790,0x00000000d2800000)
 Metaspace       used 57518K, committed 58560K, reserved 1114112K
  class space    used 6060K, committed 6528K, reserved 1048576K
}
Event: 67.175 GC heap before
{Heap before GC invocations=113 (full 8):
 PSYoungGen      total 38400K, used 38394K [0x00000000eab00000, 0x00000000eef80000, 0x0000000100000000)
  eden space 29696K, 100% used [0x00000000eab00000,0x00000000ec800000,0x00000000ec800000)
  from space 8704K, 99% used [0x00000000ec800000,0x00000000ed07e968,0x00000000ed080000)
  to   space 18432K, 0% used [0x00000000edd80000,0x00000000edd80000,0x00000000eef80000)
 ParOldGen       total 303104K, used 247241K [0x00000000c0000000, 0x00000000d2800000, 0x00000000eab00000)
  object space 303104K, 81% used [0x00000000c0000000,0x00000000cf172790,0x00000000d2800000)
 Metaspace       used 57518K, committed 58560K, reserved 1114112K
  class space    used 6060K, committed 6528K, reserved 1048576K
}
Event: 67.180 GC heap after
{Heap after GC invocations=113 (full 8):
 PSYoungGen      total 45568K, used 11736K [0x00000000eab00000, 0x00000000ee900000, 0x0000000100000000)
  eden space 33792K, 0% used [0x00000000eab00000,0x00000000eab00000,0x00000000ecc00000)
  from space 11776K, 99% used [0x00000000edd80000,0x00000000ee8f61b8,0x00000000ee900000)
  to   space 13824K, 0% used [0x00000000ece00000,0x00000000ece00000,0x00000000edb80000)
 ParOldGen       total 303104K, used 255776K [0x00000000c0000000, 0x00000000d2800000, 0x00000000eab00000)
  object space 303104K, 84% used [0x00000000c0000000,0x00000000cf9c8378,0x00000000d2800000)
 Metaspace       used 57518K, committed 58560K, reserved 1114112K
  class space    used 6060K, committed 6528K, reserved 1048576K
}
Event: 67.241 GC heap before
{Heap before GC invocations=114 (full 8):
 PSYoungGen      total 45568K, used 45528K [0x00000000eab00000, 0x00000000ee900000, 0x0000000100000000)
  eden space 33792K, 100% used [0x00000000eab00000,0x00000000ecc00000,0x00000000ecc00000)
  from space 11776K, 99% used [0x00000000edd80000,0x00000000ee8f61b8,0x00000000ee900000)
  to   space 13824K, 0% used [0x00000000ece00000,0x00000000ece00000,0x00000000edb80000)
 ParOldGen       total 303104K, used 255776K [0x00000000c0000000, 0x00000000d2800000, 0x00000000eab00000)
  object space 303104K, 84% used [0x00000000c0000000,0x00000000cf9c8378,0x00000000d2800000)
 Metaspace       used 57531K, committed 58560K, reserved 1114112K
  class space    used 6062K, committed 6528K, reserved 1048576K
}
Event: 67.248 GC heap after
{Heap after GC invocations=114 (full 8):
 PSYoungGen      total 43008K, used 7027K [0x00000000eab00000, 0x00000000ee280000, 0x0000000100000000)
  eden space 35840K, 0% used [0x00000000eab00000,0x00000000eab00000,0x00000000ece00000)
  from space 7168K, 98% used [0x00000000ece00000,0x00000000ed4dcd18,0x00000000ed500000)
  to   space 9216K, 0% used [0x00000000ed980000,0x00000000ed980000,0x00000000ee280000)
 ParOldGen       total 303104K, used 267243K [0x00000000c0000000, 0x00000000d2800000, 0x00000000eab00000)
  object space 303104K, 88% used [0x00000000c0000000,0x00000000d04fadc8,0x00000000d2800000)
 Metaspace       used 57531K, committed 58560K, reserved 1114112K
  class space    used 6062K, committed 6528K, reserved 1048576K
}
Event: 67.306 GC heap before
{Heap before GC invocations=115 (full 8):
 PSYoungGen      total 43008K, used 42867K [0x00000000eab00000, 0x00000000ee280000, 0x0000000100000000)
  eden space 35840K, 100% used [0x00000000eab00000,0x00000000ece00000,0x00000000ece00000)
  from space 7168K, 98% used [0x00000000ece00000,0x00000000ed4dcd18,0x00000000ed500000)
  to   space 9216K, 0% used [0x00000000ed980000,0x00000000ed980000,0x00000000ee280000)
 ParOldGen       total 303104K, used 267243K [0x00000000c0000000, 0x00000000d2800000, 0x00000000eab00000)
  object space 303104K, 88% used [0x00000000c0000000,0x00000000d04fadc8,0x00000000d2800000)
 Metaspace       used 57531K, committed 58560K, reserved 1114112K
  class space    used 6062K, committed 6528K, reserved 1048576K
}
Event: 67.312 GC heap after
{Heap after GC invocations=115 (full 8):
 PSYoungGen      total 44032K, used 4056K [0x00000000eab00000, 0x00000000edd80000, 0x0000000100000000)
  eden space 39936K, 0% used [0x00000000eab00000,0x00000000eab00000,0x00000000ed200000)
  from space 4096K, 99% used [0x00000000ed980000,0x00000000edd76008,0x00000000edd80000)
  to   space 5632K, 0% used [0x00000000ed280000,0x00000000ed280000,0x00000000ed800000)
 ParOldGen       total 303104K, used 273713K [0x00000000c0000000, 0x00000000d2800000, 0x00000000eab00000)
  object space 303104K, 90% used [0x00000000c0000000,0x00000000d0b4c7d8,0x00000000d2800000)
 Metaspace       used 57531K, committed 58560K, reserved 1114112K
  class space    used 6062K, committed 6528K, reserved 1048576K
}
Event: 67.407 GC heap before
{Heap before GC invocations=116 (full 8):
 PSYoungGen      total 44032K, used 43992K [0x00000000eab00000, 0x00000000edd80000, 0x0000000100000000)
  eden space 39936K, 100% used [0x00000000eab00000,0x00000000ed200000,0x00000000ed200000)
  from space 4096K, 99% used [0x00000000ed980000,0x00000000edd76008,0x00000000edd80000)
  to   space 5632K, 0% used [0x00000000ed280000,0x00000000ed280000,0x00000000ed800000)
 ParOldGen       total 303104K, used 273713K [0x00000000c0000000, 0x00000000d2800000, 0x00000000eab00000)
  object space 303104K, 90% used [0x00000000c0000000,0x00000000d0b4c7d8,0x00000000d2800000)
 Metaspace       used 57548K, committed 58624K, reserved 1114112K
  class space    used 6064K, committed 6528K, reserved 1048576K
}
Event: 67.411 GC heap after
{Heap after GC invocations=116 (full 8):
 PSYoungGen      total 46080K, used 5604K [0x00000000eab00000, 0x00000000eec00000, 0x0000000100000000)
  eden space 40448K, 0% used [0x00000000eab00000,0x00000000eab00000,0x00000000ed280000)
  from space 5632K, 99% used [0x00000000ed280000,0x00000000ed7f91a0,0x00000000ed800000)
  to   space 11264K, 0% used [0x00000000ee100000,0x00000000ee100000,0x00000000eec00000)
 ParOldGen       total 303104K, used 278140K [0x00000000c0000000, 0x00000000d2800000, 0x00000000eab00000)
  object space 303104K, 91% used [0x00000000c0000000,0x00000000d0f9f3f0,0x00000000d2800000)
 Metaspace       used 57548K, committed 58624K, reserved 1114112K
  class space    used 6064K, committed 6528K, reserved 1048576K
}
Event: 67.634 GC heap before
{Heap before GC invocations=117 (full 8):
 PSYoungGen      total 46080K, used 46052K [0x00000000eab00000, 0x00000000eec00000, 0x0000000100000000)
  eden space 40448K, 100% used [0x00000000eab00000,0x00000000ed280000,0x00000000ed280000)
  from space 5632K, 99% used [0x00000000ed280000,0x00000000ed7f91a0,0x00000000ed800000)
  to   space 11264K, 0% used [0x00000000ee100000,0x00000000ee100000,0x00000000eec00000)
 ParOldGen       total 303104K, used 278140K [0x00000000c0000000, 0x00000000d2800000, 0x00000000eab00000)
  object space 303104K, 91% used [0x00000000c0000000,0x00000000d0f9f3f0,0x00000000d2800000)
 Metaspace       used 57589K, committed 58624K, reserved 1114112K
  class space    used 6066K, committed 6528K, reserved 1048576K
}
Event: 67.638 GC heap after
{Heap after GC invocations=117 (full 8):
 PSYoungGen      total 45568K, used 1216K [0x00000000eab00000, 0x00000000ee280000, 0x0000000100000000)
  eden space 44032K, 0% used [0x00000000eab00000,0x00000000eab00000,0x00000000ed600000)
  from space 1536K, 79% used [0x00000000ee100000,0x00000000ee230000,0x00000000ee280000)
  to   space 4608K, 0% used [0x00000000ed980000,0x00000000ed980000,0x00000000ede00000)
 ParOldGen       total 303104K, used 280876K [0x00000000c0000000, 0x00000000d2800000, 0x00000000eab00000)
  object space 303104K, 92% used [0x00000000c0000000,0x00000000d124b3f0,0x00000000d2800000)
 Metaspace       used 57589K, committed 58624K, reserved 1114112K
  class space    used 6066K, committed 6528K, reserved 1048576K
}
Event: 67.819 GC heap before
{Heap before GC invocations=118 (full 8):
 PSYoungGen      total 45568K, used 45248K [0x00000000eab00000, 0x00000000ee280000, 0x0000000100000000)
  eden space 44032K, 100% used [0x00000000eab00000,0x00000000ed600000,0x00000000ed600000)
  from space 1536K, 79% used [0x00000000ee100000,0x00000000ee230000,0x00000000ee280000)
  to   space 4608K, 0% used [0x00000000ed980000,0x00000000ed980000,0x00000000ede00000)
 ParOldGen       total 303104K, used 280876K [0x00000000c0000000, 0x00000000d2800000, 0x00000000eab00000)
  object space 303104K, 92% used [0x00000000c0000000,0x00000000d124b3f0,0x00000000d2800000)
 Metaspace       used 57590K, committed 58688K, reserved 1114112K
  class space    used 6066K, committed 6528K, reserved 1048576K
}
Event: 67.822 GC heap after
{Heap after GC invocations=118 (full 8):
 PSYoungGen      total 48128K, used 2715K [0x00000000eab00000, 0x00000000ee180000, 0x0000000100000000)
  eden space 43520K, 0% used [0x00000000eab00000,0x00000000eab00000,0x00000000ed580000)
  from space 4608K, 58% used [0x00000000ed980000,0x00000000edc26f10,0x00000000ede00000)
  to   space 3072K, 0% used [0x00000000ede80000,0x00000000ede80000,0x00000000ee180000)
 ParOldGen       total 303104K, used 280876K [0x00000000c0000000, 0x00000000d2800000, 0x00000000eab00000)
  object space 303104K, 92% used [0x00000000c0000000,0x00000000d124b3f0,0x00000000d2800000)
 Metaspace       used 57590K, committed 58688K, reserved 1114112K
  class space    used 6066K, committed 6528K, reserved 1048576K
}

