# JRE version: OpenJDK Runtime Environment Temurin-17.0.11+9 (17.0.11+9) (build 17.0.11+9)
# Java VM: OpenJDK 64-Bit Server VM Temurin-17.0.11+9 (17.0.11+9, mixed mode, tiered, compressed oops, compressed class ptrs, parallel gc, windows-amd64)
GC Precious Log:
 CPUs: 16 total, 16 available
 Memory: 16331M
 Large Page Support: Disabled
 NUMA Support: Disabled
 Compressed Oops: Enabled (32-bit)
 Alignments: Space 512K, Generation 512K, Heap 2M
 Heap Min Capacity: 100M
 Heap Initial Capacity: 100M
 Heap Max Capacity: 1G
 Pre-touch: Disabled
 Parallel Workers: 13
Heap:
 PSYoungGen      total 23040K, used 18798K [0x00000000eab00000, 0x00000000ec780000, 0x0000000100000000)
  eden space 21504K, 80% used [0x00000000eab00000,0x00000000ebbdc500,0x00000000ec000000)
  from space 1536K, 99% used [0x00000000ec380000,0x00000000ec4ff6e0,0x00000000ec500000)
  to   space 3584K, 0% used [0x00000000ec000000,0x00000000ec000000,0x00000000ec380000)
 ParOldGen       total 68608K, used 20716K [0x00000000c0000000, 0x00000000c4300000, 0x00000000eab00000)
  object space 68608K, 30% used [0x00000000c0000000,0x00000000c143b228,0x00000000c4300000)
 Metaspace       used 54081K, committed 55104K, reserved 1114112K
  class space    used 5773K, committed 6208K, reserved 1048576K
GC Heap History (20 events):
Event: 2.616 GC heap before
{Heap before GC invocations=11 (full 1):
 PSYoungGen      total 27136K, used 27133K [0x00000000eab00000, 0x00000000ecb00000, 0x0000000100000000)
  eden space 23552K, 100% used [0x00000000eab00000,0x00000000ec200000,0x00000000ec200000)
  from space 3584K, 99% used [0x00000000ec300000,0x00000000ec67f620,0x00000000ec680000)
  to   space 4608K, 0% used [0x00000000ec680000,0x00000000ec680000,0x00000000ecb00000)
 ParOldGen       total 68608K, used 12445K [0x00000000c0000000, 0x00000000c4300000, 0x00000000eab00000)
  object space 68608K, 18% used [0x00000000c0000000,0x00000000c0c275f0,0x00000000c4300000)
 Metaspace       used 34529K, committed 35200K, reserved 1114112K
  class space    used 3328K, committed 3648K, reserved 1048576K
}
Event: 2.618 GC heap after
{Heap after GC invocations=11 (full 1):
 PSYoungGen      total 26112K, used 2635K [0x00000000eab00000, 0x00000000ec980000, 0x0000000100000000)
  eden space 23040K, 0% used [0x00000000eab00000,0x00000000eab00000,0x00000000ec180000)
  from space 3072K, 85% used [0x00000000ec680000,0x00000000ec912d28,0x00000000ec980000)
  to   space 3584K, 0% used [0x00000000ec280000,0x00000000ec280000,0x00000000ec600000)
 ParOldGen       total 68608K, used 14006K [0x00000000c0000000, 0x00000000c4300000, 0x00000000eab00000)
  object space 68608K, 20% used [0x00000000c0000000,0x00000000c0dad9a8,0x00000000c4300000)
 Metaspace       used 34529K, committed 35200K, reserved 1114112K
  class space    used 3328K, committed 3648K, reserved 1048576K
}
Event: 2.687 GC heap before
{Heap before GC invocations=12 (full 1):
 PSYoungGen      total 26112K, used 9524K [0x00000000eab00000, 0x00000000ec980000, 0x0000000100000000)
  eden space 23040K, 29% used [0x00000000eab00000,0x00000000eb1ba4d8,0x00000000ec180000)
  from space 3072K, 85% used [0x00000000ec680000,0x00000000ec912d28,0x00000000ec980000)
  to   space 3584K, 0% used [0x00000000ec280000,0x00000000ec280000,0x00000000ec600000)
 ParOldGen       total 68608K, used 14006K [0x00000000c0000000, 0x00000000c4300000, 0x00000000eab00000)
  object space 68608K, 20% used [0x00000000c0000000,0x00000000c0dad9a8,0x00000000c4300000)
 Metaspace       used 35201K, committed 35840K, reserved 1114112K
  class space    used 3382K, committed 3648K, reserved 1048576K
}
Event: 2.689 GC heap after
{Heap after GC invocations=12 (full 1):
 PSYoungGen      total 24064K, used 792K [0x00000000eab00000, 0x00000000ec700000, 0x0000000100000000)
  eden space 23040K, 0% used [0x00000000eab00000,0x00000000eab00000,0x00000000ec180000)
  from space 1024K, 77% used [0x00000000ec280000,0x00000000ec346068,0x00000000ec380000)
  to   space 2048K, 0% used [0x00000000ec500000,0x00000000ec500000,0x00000000ec700000)
 ParOldGen       total 68608K, used 16485K [0x00000000c0000000, 0x00000000c4300000, 0x00000000eab00000)
  object space 68608K, 24% used [0x00000000c0000000,0x00000000c10196c8,0x00000000c4300000)
 Metaspace       used 35201K, committed 35840K, reserved 1114112K
  class space    used 3382K, committed 3648K, reserved 1048576K
}
Event: 2.689 GC heap before
{Heap before GC invocations=13 (full 2):
 PSYoungGen      total 24064K, used 792K [0x00000000eab00000, 0x00000000ec700000, 0x0000000100000000)
  eden space 23040K, 0% used [0x00000000eab00000,0x00000000eab00000,0x00000000ec180000)
  from space 1024K, 77% used [0x00000000ec280000,0x00000000ec346068,0x00000000ec380000)
  to   space 2048K, 0% used [0x00000000ec500000,0x00000000ec500000,0x00000000ec700000)
 ParOldGen       total 68608K, used 16485K [0x00000000c0000000, 0x00000000c4300000, 0x00000000eab00000)
  object space 68608K, 24% used [0x00000000c0000000,0x00000000c10196c8,0x00000000c4300000)
 Metaspace       used 35201K, committed 35840K, reserved 1114112K
  class space    used 3382K, committed 3648K, reserved 1048576K
}
Event: 2.712 GC heap after
{Heap after GC invocations=13 (full 2):
 PSYoungGen      total 24064K, used 0K [0x00000000eab00000, 0x00000000ec700000, 0x0000000100000000)
  eden space 23040K, 0% used [0x00000000eab00000,0x00000000eab00000,0x00000000ec180000)
  from space 1024K, 0% used [0x00000000ec280000,0x00000000ec280000,0x00000000ec380000)
  to   space 2048K, 0% used [0x00000000ec500000,0x00000000ec500000,0x00000000ec700000)
 ParOldGen       total 68608K, used 15312K [0x00000000c0000000, 0x00000000c4300000, 0x00000000eab00000)
  object space 68608K, 22% used [0x00000000c0000000,0x00000000c0ef4358,0x00000000c4300000)
 Metaspace       used 35188K, committed 35840K, reserved 1114112K
  class space    used 3379K, committed 3648K, reserved 1048576K
}
Event: 2.917 GC heap before
{Heap before GC invocations=14 (full 2):
 PSYoungGen      total 24064K, used 23037K [0x00000000eab00000, 0x00000000ec700000, 0x0000000100000000)
  eden space 23040K, 99% used [0x00000000eab00000,0x00000000ec17f468,0x00000000ec180000)
  from space 1024K, 0% used [0x00000000ec280000,0x00000000ec280000,0x00000000ec380000)
  to   space 2048K, 0% used [0x00000000ec500000,0x00000000ec500000,0x00000000ec700000)
 ParOldGen       total 68608K, used 15312K [0x00000000c0000000, 0x00000000c4300000, 0x00000000eab00000)
  object space 68608K, 22% used [0x00000000c0000000,0x00000000c0ef4358,0x00000000c4300000)
 Metaspace       used 38279K, committed 39040K, reserved 1114112K
  class space    used 3783K, committed 4096K, reserved 1048576K
}
Event: 2.918 GC heap after
{Heap after GC invocations=14 (full 2):
 PSYoungGen      total 24064K, used 1201K [0x00000000eab00000, 0x00000000ec680000, 0x0000000100000000)
  eden space 22528K, 0% used [0x00000000eab00000,0x00000000eab00000,0x00000000ec100000)
  from space 1536K, 78% used [0x00000000ec500000,0x00000000ec62c768,0x00000000ec680000)
  to   space 1536K, 0% used [0x00000000ec380000,0x00000000ec380000,0x00000000ec500000)
 ParOldGen       total 68608K, used 15320K [0x00000000c0000000, 0x00000000c4300000, 0x00000000eab00000)
  object space 68608K, 22% used [0x00000000c0000000,0x00000000c0ef6358,0x00000000c4300000)
 Metaspace       used 38279K, committed 39040K, reserved 1114112K
  class space    used 3783K, committed 4096K, reserved 1048576K
}
Event: 3.092 GC heap before
{Heap before GC invocations=15 (full 2):
 PSYoungGen      total 24064K, used 23728K [0x00000000eab00000, 0x00000000ec680000, 0x0000000100000000)
  eden space 22528K, 99% used [0x00000000eab00000,0x00000000ec0ffbb8,0x00000000ec100000)
  from space 1536K, 78% used [0x00000000ec500000,0x00000000ec62c768,0x00000000ec680000)
  to   space 1536K, 0% used [0x00000000ec380000,0x00000000ec380000,0x00000000ec500000)
 ParOldGen       total 68608K, used 15320K [0x00000000c0000000, 0x00000000c4300000, 0x00000000eab00000)
  object space 68608K, 22% used [0x00000000c0000000,0x00000000c0ef6358,0x00000000c4300000)
 Metaspace       used 41015K, committed 41792K, reserved 1114112K
  class space    used 4107K, committed 4416K, reserved 1048576K
}
Event: 3.094 GC heap after
{Heap after GC invocations=15 (full 2):
 PSYoungGen      total 23040K, used 992K [0x00000000eab00000, 0x00000000ec580000, 0x0000000100000000)
  eden space 22016K, 0% used [0x00000000eab00000,0x00000000eab00000,0x00000000ec080000)
  from space 1024K, 96% used [0x00000000ec380000,0x00000000ec478000,0x00000000ec480000)
  to   space 1024K, 0% used [0x00000000ec480000,0x00000000ec480000,0x00000000ec580000)
 ParOldGen       total 68608K, used 16309K [0x00000000c0000000, 0x00000000c4300000, 0x00000000eab00000)
  object space 68608K, 23% used [0x00000000c0000000,0x00000000c0fed648,0x00000000c4300000)
 Metaspace       used 41015K, committed 41792K, reserved 1114112K
  class space    used 4107K, committed 4416K, reserved 1048576K
}
Event: 3.245 GC heap before
{Heap before GC invocations=16 (full 2):
 PSYoungGen      total 23040K, used 23008K [0x00000000eab00000, 0x00000000ec580000, 0x0000000100000000)
  eden space 22016K, 100% used [0x00000000eab00000,0x00000000ec080000,0x00000000ec080000)
  from space 1024K, 96% used [0x00000000ec380000,0x00000000ec478000,0x00000000ec480000)
  to   space 1024K, 0% used [0x00000000ec480000,0x00000000ec480000,0x00000000ec580000)
 ParOldGen       total 68608K, used 16309K [0x00000000c0000000, 0x00000000c4300000, 0x00000000eab00000)
  object space 68608K, 23% used [0x00000000c0000000,0x00000000c0fed648,0x00000000c4300000)
 Metaspace       used 43077K, committed 43968K, reserved 1114112K
  class space    used 4408K, committed 4800K, reserved 1048576K
}
Event: 3.247 GC heap after
{Heap after GC invocations=16 (full 2):
 PSYoungGen      total 23040K, used 669K [0x00000000eab00000, 0x00000000ec580000, 0x0000000100000000)
  eden space 22016K, 0% used [0x00000000eab00000,0x00000000eab00000,0x00000000ec080000)
  from space 1024K, 65% used [0x00000000ec480000,0x00000000ec527658,0x00000000ec580000)
  to   space 1024K, 0% used [0x00000000ec380000,0x00000000ec380000,0x00000000ec480000)
 ParOldGen       total 68608K, used 17136K [0x00000000c0000000, 0x00000000c4300000, 0x00000000eab00000)
  object space 68608K, 24% used [0x00000000c0000000,0x00000000c10bc118,0x00000000c4300000)
 Metaspace       used 43077K, committed 43968K, reserved 1114112K
  class space    used 4408K, committed 4800K, reserved 1048576K
}
Event: 3.402 GC heap before
{Heap before GC invocations=17 (full 2):
 PSYoungGen      total 23040K, used 22685K [0x00000000eab00000, 0x00000000ec580000, 0x0000000100000000)
  eden space 22016K, 100% used [0x00000000eab00000,0x00000000ec080000,0x00000000ec080000)
  from space 1024K, 65% used [0x00000000ec480000,0x00000000ec527658,0x00000000ec580000)
  to   space 1024K, 0% used [0x00000000ec380000,0x00000000ec380000,0x00000000ec480000)
 ParOldGen       total 68608K, used 17136K [0x00000000c0000000, 0x00000000c4300000, 0x00000000eab00000)
  object space 68608K, 24% used [0x00000000c0000000,0x00000000c10bc118,0x00000000c4300000)
 Metaspace       used 44967K, committed 45824K, reserved 1114112K
  class space    used 4648K, committed 5056K, reserved 1048576K
}
Event: 3.402 GC heap after
{Heap after GC invocations=17 (full 2):
 PSYoungGen      total 23040K, used 768K [0x00000000eab00000, 0x00000000ec500000, 0x0000000100000000)
  eden space 22016K, 0% used [0x00000000eab00000,0x00000000eab00000,0x00000000ec080000)
  from space 1024K, 75% used [0x00000000ec380000,0x00000000ec440000,0x00000000ec480000)
  to   space 512K, 0% used [0x00000000ec480000,0x00000000ec480000,0x00000000ec500000)
 ParOldGen       total 68608K, used 17568K [0x00000000c0000000, 0x00000000c4300000, 0x00000000eab00000)
  object space 68608K, 25% used [0x00000000c0000000,0x00000000c1128118,0x00000000c4300000)
 Metaspace       used 44967K, committed 45824K, reserved 1114112K
  class space    used 4648K, committed 5056K, reserved 1048576K
}
Event: 3.565 GC heap before
{Heap before GC invocations=18 (full 2):
 PSYoungGen      total 23040K, used 22784K [0x00000000eab00000, 0x00000000ec500000, 0x0000000100000000)
  eden space 22016K, 100% used [0x00000000eab00000,0x00000000ec080000,0x00000000ec080000)
  from space 1024K, 75% used [0x00000000ec380000,0x00000000ec440000,0x00000000ec480000)
  to   space 512K, 0% used [0x00000000ec480000,0x00000000ec480000,0x00000000ec500000)
 ParOldGen       total 68608K, used 17568K [0x00000000c0000000, 0x00000000c4300000, 0x00000000eab00000)
  object space 68608K, 25% used [0x00000000c0000000,0x00000000c1128118,0x00000000c4300000)
 Metaspace       used 47546K, committed 48384K, reserved 1114112K
  class space    used 4980K, committed 5376K, reserved 1048576K
}
Event: 3.567 GC heap after
{Heap after GC invocations=18 (full 2):
 PSYoungGen      total 22528K, used 512K [0x00000000eab00000, 0x00000000ec500000, 0x0000000100000000)
  eden space 22016K, 0% used [0x00000000eab00000,0x00000000eab00000,0x00000000ec080000)
  from space 512K, 100% used [0x00000000ec480000,0x00000000ec500000,0x00000000ec500000)
  to   space 2048K, 0% used [0x00000000ec100000,0x00000000ec100000,0x00000000ec300000)
 ParOldGen       total 68608K, used 18548K [0x00000000c0000000, 0x00000000c4300000, 0x00000000eab00000)
  object space 68608K, 27% used [0x00000000c0000000,0x00000000c121d128,0x00000000c4300000)
 Metaspace       used 47546K, committed 48384K, reserved 1114112K
  class space    used 4980K, committed 5376K, reserved 1048576K
}
Event: 3.770 GC heap before
{Heap before GC invocations=19 (full 2):
 PSYoungGen      total 22528K, used 22524K [0x00000000eab00000, 0x00000000ec500000, 0x0000000100000000)
  eden space 22016K, 99% used [0x00000000eab00000,0x00000000ec07f000,0x00000000ec080000)
  from space 512K, 100% used [0x00000000ec480000,0x00000000ec500000,0x00000000ec500000)
  to   space 2048K, 0% used [0x00000000ec100000,0x00000000ec100000,0x00000000ec300000)
 ParOldGen       total 68608K, used 18548K [0x00000000c0000000, 0x00000000c4300000, 0x00000000eab00000)
  object space 68608K, 27% used [0x00000000c0000000,0x00000000c121d128,0x00000000c4300000)
 Metaspace       used 50098K, committed 50944K, reserved 1114112K
  class space    used 5322K, committed 5696K, reserved 1048576K
}
Event: 3.772 GC heap after
{Heap after GC invocations=19 (full 2):
 PSYoungGen      total 24064K, used 1465K [0x00000000eab00000, 0x00000000ec500000, 0x0000000100000000)
  eden space 22016K, 0% used [0x00000000eab00000,0x00000000eab00000,0x00000000ec080000)
  from space 2048K, 71% used [0x00000000ec100000,0x00000000ec26e580,0x00000000ec300000)
  to   space 1536K, 0% used [0x00000000ec380000,0x00000000ec380000,0x00000000ec500000)
 ParOldGen       total 68608K, used 19076K [0x00000000c0000000, 0x00000000c4300000, 0x00000000eab00000)
  object space 68608K, 27% used [0x00000000c0000000,0x00000000c12a1128,0x00000000c4300000)
 Metaspace       used 50098K, committed 50944K, reserved 1114112K
  class space    used 5322K, committed 5696K, reserved 1048576K
}
Event: 6.278 GC heap before
{Heap before GC invocations=20 (full 2):
 PSYoungGen      total 24064K, used 23478K [0x00000000eab00000, 0x00000000ec500000, 0x0000000100000000)
  eden space 22016K, 99% used [0x00000000eab00000,0x00000000ec07f3e8,0x00000000ec080000)
  from space 2048K, 71% used [0x00000000ec100000,0x00000000ec26e580,0x00000000ec300000)
  to   space 1536K, 0% used [0x00000000ec380000,0x00000000ec380000,0x00000000ec500000)
 ParOldGen       total 68608K, used 19076K [0x00000000c0000000, 0x00000000c4300000, 0x00000000eab00000)
  object space 68608K, 27% used [0x00000000c0000000,0x00000000c12a1128,0x00000000c4300000)
 Metaspace       used 52392K, committed 53312K, reserved 1114112K
  class space    used 5604K, committed 6016K, reserved 1048576K
}
Event: 6.280 GC heap after
{Heap after GC invocations=20 (full 2):
 PSYoungGen      total 23040K, used 1533K [0x00000000eab00000, 0x00000000ec780000, 0x0000000100000000)
  eden space 21504K, 0% used [0x00000000eab00000,0x00000000eab00000,0x00000000ec000000)
  from space 1536K, 99% used [0x00000000ec380000,0x00000000ec4ff6e0,0x00000000ec500000)
  to   space 3584K, 0% used [0x00000000ec000000,0x00000000ec000000,0x00000000ec380000)
 ParOldGen       total 68608K, used 20716K [0x00000000c0000000, 0x00000000c4300000, 0x00000000eab00000)
  object space 68608K, 30% used [0x00000000c0000000,0x00000000c143b228,0x00000000c4300000)
 Metaspace       used 52392K, committed 53312K, reserved 1114112K
  class space    used 5604K, committed 6016K, reserved 1048576K
}

