# JRE version: OpenJDK Runtime Environment Temurin-17.0.11+9 (17.0.11+9) (build 17.0.11+9)
# Java VM: OpenJDK 64-Bit Server VM Temurin-17.0.11+9 (17.0.11+9, mixed mode, tiered, compressed oops, compressed class ptrs, parallel gc, windows-amd64)
GC Precious Log:
 CPUs: 16 total, 16 available
 Memory: 16331M
 Large Page Support: Disabled
 NUMA Support: Disabled
 Compressed Oops: Enabled (32-bit)
 Alignments: Space 512K, Generation 512K, Heap 2M
 Heap Min Capacity: 100M
 Heap Initial Capacity: 100M
 Heap Max Capacity: 1G
 Pre-touch: Disabled
 Parallel Workers: 13
Heap:
 PSYoungGen      total 117760K, used 58333K [0x00000000eab00000, 0x00000000f4b80000, 0x0000000100000000)
  eden space 73216K, 79% used [0x00000000eab00000,0x00000000ee3f76b8,0x00000000ef280000)
  from space 44544K, 0% used [0x00000000f2000000,0x00000000f2000000,0x00000000f4b80000)
  to   space 45568K, 0% used [0x00000000ef280000,0x00000000ef280000,0x00000000f1f00000)
 ParOldGen       total 346112K, used 213923K [0x00000000c0000000, 0x00000000d5200000, 0x00000000eab00000)
  object space 346112K, 61% used [0x00000000c0000000,0x00000000cd0e8e88,0x00000000d5200000)
 Metaspace       used 73675K, committed 74816K, reserved 1179648K
  class space    used 7778K, committed 8256K, reserved 1048576K
GC Heap History (20 events):
Event: 999.270 GC heap before
{Heap before GC invocations=211 (full 13):
 PSYoungGen      total 56320K, used 56297K [0x00000000eab00000, 0x00000000f0400000, 0x0000000100000000)
  eden space 46080K, 100% used [0x00000000eab00000,0x00000000ed800000,0x00000000ed800000)
  from space 10240K, 99% used [0x00000000ed800000,0x00000000ee1fa578,0x00000000ee200000)
  to   space 20480K, 0% used [0x00000000ef000000,0x00000000ef000000,0x00000000f0400000)
 ParOldGen       total 303104K, used 227481K [0x00000000c0000000, 0x00000000d2800000, 0x00000000eab00000)
  object space 303104K, 75% used [0x00000000c0000000,0x00000000cde266b0,0x00000000d2800000)
 Metaspace       used 70491K, committed 71552K, reserved 1114112K
  class space    used 7320K, committed 7808K, reserved 1048576K
}
Event: 999.277 GC heap after
{Heap after GC invocations=211 (full 13):
 PSYoungGen      total 65024K, used 14821K [0x00000000eab00000, 0x00000000efe80000, 0x0000000100000000)
  eden space 50176K, 0% used [0x00000000eab00000,0x00000000eab00000,0x00000000edc00000)
  from space 14848K, 99% used [0x00000000ef000000,0x00000000efe794b0,0x00000000efe80000)
  to   space 16384K, 0% used [0x00000000ede80000,0x00000000ede80000,0x00000000eee80000)
 ParOldGen       total 303104K, used 232815K [0x00000000c0000000, 0x00000000d2800000, 0x00000000eab00000)
  object space 303104K, 76% used [0x00000000c0000000,0x00000000ce35bc38,0x00000000d2800000)
 Metaspace       used 70491K, committed 71552K, reserved 1114112K
  class space    used 7320K, committed 7808K, reserved 1048576K
}
Event: 999.349 GC heap before
{Heap before GC invocations=212 (full 13):
 PSYoungGen      total 65024K, used 64997K [0x00000000eab00000, 0x00000000efe80000, 0x0000000100000000)
  eden space 50176K, 100% used [0x00000000eab00000,0x00000000edc00000,0x00000000edc00000)
  from space 14848K, 99% used [0x00000000ef000000,0x00000000efe794b0,0x00000000efe80000)
  to   space 16384K, 0% used [0x00000000ede80000,0x00000000ede80000,0x00000000eee80000)
 ParOldGen       total 303104K, used 232815K [0x00000000c0000000, 0x00000000d2800000, 0x00000000eab00000)
  object space 303104K, 76% used [0x00000000c0000000,0x00000000ce35bc38,0x00000000d2800000)
 Metaspace       used 70491K, committed 71552K, reserved 1114112K
  class space    used 7320K, committed 7808K, reserved 1048576K
}
Event: 999.357 GC heap after
{Heap after GC invocations=212 (full 13):
 PSYoungGen      total 69120K, used 16370K [0x00000000eab00000, 0x00000000f1580000, 0x0000000100000000)
  eden space 52736K, 0% used [0x00000000eab00000,0x00000000eab00000,0x00000000ede80000)
  from space 16384K, 99% used [0x00000000ede80000,0x00000000eee7caa8,0x00000000eee80000)
  to   space 27136K, 0% used [0x00000000efb00000,0x00000000efb00000,0x00000000f1580000)
 ParOldGen       total 303104K, used 241415K [0x00000000c0000000, 0x00000000d2800000, 0x00000000eab00000)
  object space 303104K, 79% used [0x00000000c0000000,0x00000000cebc1c38,0x00000000d2800000)
 Metaspace       used 70491K, committed 71552K, reserved 1114112K
  class space    used 7320K, committed 7808K, reserved 1048576K
}
Event: 999.422 GC heap before
{Heap before GC invocations=213 (full 13):
 PSYoungGen      total 69120K, used 69106K [0x00000000eab00000, 0x00000000f1580000, 0x0000000100000000)
  eden space 52736K, 100% used [0x00000000eab00000,0x00000000ede80000,0x00000000ede80000)
  from space 16384K, 99% used [0x00000000ede80000,0x00000000eee7caa8,0x00000000eee80000)
  to   space 27136K, 0% used [0x00000000efb00000,0x00000000efb00000,0x00000000f1580000)
 ParOldGen       total 303104K, used 241415K [0x00000000c0000000, 0x00000000d2800000, 0x00000000eab00000)
  object space 303104K, 79% used [0x00000000c0000000,0x00000000cebc1c38,0x00000000d2800000)
 Metaspace       used 70491K, committed 71552K, reserved 1114112K
  class space    used 7320K, committed 7808K, reserved 1048576K
}
Event: 999.431 GC heap after
{Heap after GC invocations=213 (full 13):
 PSYoungGen      total 74240K, used 16844K [0x00000000eab00000, 0x00000000f0b80000, 0x0000000100000000)
  eden space 57344K, 0% used [0x00000000eab00000,0x00000000eab00000,0x00000000ee300000)
  from space 16896K, 99% used [0x00000000efb00000,0x00000000f0b73140,0x00000000f0b80000)
  to   space 19968K, 0% used [0x00000000ee480000,0x00000000ee480000,0x00000000ef800000)
 ParOldGen       total 303104K, used 252195K [0x00000000c0000000, 0x00000000d2800000, 0x00000000eab00000)
  object space 303104K, 83% used [0x00000000c0000000,0x00000000cf648db8,0x00000000d2800000)
 Metaspace       used 70491K, committed 71552K, reserved 1114112K
  class space    used 7320K, committed 7808K, reserved 1048576K
}
Event: 999.501 GC heap before
{Heap before GC invocations=214 (full 13):
 PSYoungGen      total 74240K, used 74188K [0x00000000eab00000, 0x00000000f0b80000, 0x0000000100000000)
  eden space 57344K, 100% used [0x00000000eab00000,0x00000000ee300000,0x00000000ee300000)
  from space 16896K, 99% used [0x00000000efb00000,0x00000000f0b73140,0x00000000f0b80000)
  to   space 19968K, 0% used [0x00000000ee480000,0x00000000ee480000,0x00000000ef800000)
 ParOldGen       total 303104K, used 252195K [0x00000000c0000000, 0x00000000d2800000, 0x00000000eab00000)
  object space 303104K, 83% used [0x00000000c0000000,0x00000000cf648db8,0x00000000d2800000)
 Metaspace       used 70494K, committed 71552K, reserved 1114112K
  class space    used 7320K, committed 7808K, reserved 1048576K
}
Event: 999.511 GC heap after
{Heap after GC invocations=214 (full 13):
 PSYoungGen      total 78848K, used 19958K [0x00000000eab00000, 0x00000000f2480000, 0x0000000100000000)
  eden space 58880K, 0% used [0x00000000eab00000,0x00000000eab00000,0x00000000ee480000)
  from space 19968K, 99% used [0x00000000ee480000,0x00000000ef7fdbc8,0x00000000ef800000)
  to   space 30720K, 0% used [0x00000000f0680000,0x00000000f0680000,0x00000000f2480000)
 ParOldGen       total 303104K, used 260676K [0x00000000c0000000, 0x00000000d2800000, 0x00000000eab00000)
  object space 303104K, 86% used [0x00000000c0000000,0x00000000cfe911c8,0x00000000d2800000)
 Metaspace       used 70494K, committed 71552K, reserved 1114112K
  class space    used 7320K, committed 7808K, reserved 1048576K
}
Event: 999.582 GC heap before
{Heap before GC invocations=215 (full 13):
 PSYoungGen      total 78848K, used 78838K [0x00000000eab00000, 0x00000000f2480000, 0x0000000100000000)
  eden space 58880K, 100% used [0x00000000eab00000,0x00000000ee480000,0x00000000ee480000)
  from space 19968K, 99% used [0x00000000ee480000,0x00000000ef7fdbc8,0x00000000ef800000)
  to   space 30720K, 0% used [0x00000000f0680000,0x00000000f0680000,0x00000000f2480000)
 ParOldGen       total 303104K, used 260676K [0x00000000c0000000, 0x00000000d2800000, 0x00000000eab00000)
  object space 303104K, 86% used [0x00000000c0000000,0x00000000cfe911c8,0x00000000d2800000)
 Metaspace       used 70494K, committed 71552K, reserved 1114112K
  class space    used 7320K, committed 7808K, reserved 1048576K
}
Event: 999.594 GC heap after
{Heap after GC invocations=215 (full 13):
 PSYoungGen      total 86016K, used 21302K [0x00000000eab00000, 0x00000000f1b80000, 0x0000000100000000)
  eden space 64512K, 0% used [0x00000000eab00000,0x00000000eab00000,0x00000000eea00000)
  from space 21504K, 99% used [0x00000000f0680000,0x00000000f1b4d980,0x00000000f1b80000)
  to   space 24064K, 0% used [0x00000000eec80000,0x00000000eec80000,0x00000000f0400000)
 ParOldGen       total 303104K, used 272220K [0x00000000c0000000, 0x00000000d2800000, 0x00000000eab00000)
  object space 303104K, 89% used [0x00000000c0000000,0x00000000d09d72a8,0x00000000d2800000)
 Metaspace       used 70494K, committed 71552K, reserved 1114112K
  class space    used 7320K, committed 7808K, reserved 1048576K
}
Event: 999.630 GC heap before
{Heap before GC invocations=216 (full 13):
 PSYoungGen      total 86016K, used 85814K [0x00000000eab00000, 0x00000000f1b80000, 0x0000000100000000)
  eden space 64512K, 100% used [0x00000000eab00000,0x00000000eea00000,0x00000000eea00000)
  from space 21504K, 99% used [0x00000000f0680000,0x00000000f1b4d980,0x00000000f1b80000)
  to   space 24064K, 0% used [0x00000000eec80000,0x00000000eec80000,0x00000000f0400000)
 ParOldGen       total 303104K, used 272220K [0x00000000c0000000, 0x00000000d2800000, 0x00000000eab00000)
  object space 303104K, 89% used [0x00000000c0000000,0x00000000d09d72a8,0x00000000d2800000)
 Metaspace       used 70494K, committed 71552K, reserved 1114112K
  class space    used 7320K, committed 7808K, reserved 1048576K
}
Event: 999.641 GC heap after
{Heap after GC invocations=216 (full 13):
 PSYoungGen      total 91136K, used 24059K [0x00000000eab00000, 0x00000000f4a00000, 0x0000000100000000)
  eden space 67072K, 0% used [0x00000000eab00000,0x00000000eab00000,0x00000000eec80000)
  from space 24064K, 99% used [0x00000000eec80000,0x00000000f03fed78,0x00000000f0400000)
  to   space 45568K, 0% used [0x00000000f1d80000,0x00000000f1d80000,0x00000000f4a00000)
 ParOldGen       total 303104K, used 289826K [0x00000000c0000000, 0x00000000d2800000, 0x00000000eab00000)
  object space 303104K, 95% used [0x00000000c0000000,0x00000000d1b08998,0x00000000d2800000)
 Metaspace       used 70494K, committed 71552K, reserved 1114112K
  class space    used 7320K, committed 7808K, reserved 1048576K
}
Event: 999.641 GC heap before
{Heap before GC invocations=217 (full 14):
 PSYoungGen      total 91136K, used 24059K [0x00000000eab00000, 0x00000000f4a00000, 0x0000000100000000)
  eden space 67072K, 0% used [0x00000000eab00000,0x00000000eab00000,0x00000000eec80000)
  from space 24064K, 99% used [0x00000000eec80000,0x00000000f03fed78,0x00000000f0400000)
  to   space 45568K, 0% used [0x00000000f1d80000,0x00000000f1d80000,0x00000000f4a00000)
 ParOldGen       total 303104K, used 289826K [0x00000000c0000000, 0x00000000d2800000, 0x00000000eab00000)
  object space 303104K, 95% used [0x00000000c0000000,0x00000000d1b08998,0x00000000d2800000)
 Metaspace       used 70494K, committed 71552K, reserved 1114112K
  class space    used 7320K, committed 7808K, reserved 1048576K
}
Event: 999.749 GC heap after
{Heap after GC invocations=217 (full 14):
 PSYoungGen      total 91136K, used 5303K [0x00000000eab00000, 0x00000000f4c80000, 0x0000000100000000)
  eden space 67072K, 0% used [0x00000000eab00000,0x00000000eab00000,0x00000000eec80000)
  from space 24064K, 22% used [0x00000000eec80000,0x00000000ef1add78,0x00000000f0400000)
  to   space 45568K, 0% used [0x00000000f2000000,0x00000000f2000000,0x00000000f4c80000)
 ParOldGen       total 303104K, used 302663K [0x00000000c0000000, 0x00000000d2800000, 0x00000000eab00000)
  object space 303104K, 99% used [0x00000000c0000000,0x00000000d2791fc0,0x00000000d2800000)
 Metaspace       used 70494K, committed 71552K, reserved 1114112K
  class space    used 7320K, committed 7808K, reserved 1048576K
}
Event: 1000.074 GC heap before
{Heap before GC invocations=218 (full 15):
 PSYoungGen      total 91136K, used 72375K [0x00000000eab00000, 0x00000000f4c80000, 0x0000000100000000)
  eden space 67072K, 100% used [0x00000000eab00000,0x00000000eec80000,0x00000000eec80000)
  from space 24064K, 22% used [0x00000000eec80000,0x00000000ef1add78,0x00000000f0400000)
  to   space 45568K, 0% used [0x00000000f2000000,0x00000000f2000000,0x00000000f4c80000)
 ParOldGen       total 303104K, used 302663K [0x00000000c0000000, 0x00000000d2800000, 0x00000000eab00000)
  object space 303104K, 99% used [0x00000000c0000000,0x00000000d2791fc0,0x00000000d2800000)
 Metaspace       used 70494K, committed 71552K, reserved 1114112K
  class space    used 7320K, committed 7808K, reserved 1048576K
}
Event: 1000.212 GC heap after
{Heap after GC invocations=218 (full 15):
 PSYoungGen      total 112128K, used 40519K [0x00000000eab00000, 0x00000000f4c00000, 0x0000000100000000)
  eden space 67072K, 60% used [0x00000000eab00000,0x00000000ed291cd8,0x00000000eec80000)
  from space 45056K, 0% used [0x00000000f2000000,0x00000000f2000000,0x00000000f4c00000)
  to   space 24064K, 0% used [0x00000000eec80000,0x00000000eec80000,0x00000000f0400000)
 ParOldGen       total 303104K, used 302968K [0x00000000c0000000, 0x00000000d2800000, 0x00000000eab00000)
  object space 303104K, 99% used [0x00000000c0000000,0x00000000d27de218,0x00000000d2800000)
 Metaspace       used 70494K, committed 71552K, reserved 1114112K
  class space    used 7320K, committed 7808K, reserved 1048576K
}
Event: 1000.691 GC heap before
{Heap before GC invocations=219 (full 16):
 PSYoungGen      total 112128K, used 67072K [0x00000000eab00000, 0x00000000f4c00000, 0x0000000100000000)
  eden space 67072K, 100% used [0x00000000eab00000,0x00000000eec80000,0x00000000eec80000)
  from space 45056K, 0% used [0x00000000f2000000,0x00000000f2000000,0x00000000f4c00000)
  to   space 24064K, 0% used [0x00000000eec80000,0x00000000eec80000,0x00000000f0400000)
 ParOldGen       total 303104K, used 302968K [0x00000000c0000000, 0x00000000d2800000, 0x00000000eab00000)
  object space 303104K, 99% used [0x00000000c0000000,0x00000000d27de218,0x00000000d2800000)
 Metaspace       used 70494K, committed 71552K, reserved 1114112K
  class space    used 7320K, committed 7808K, reserved 1048576K
}
Event: 1000.748 GC heap after
{Heap after GC invocations=219 (full 16):
 PSYoungGen      total 91136K, used 15861K [0x00000000eab00000, 0x00000000f4c00000, 0x0000000100000000)
  eden space 67072K, 23% used [0x00000000eab00000,0x00000000eba7d4e0,0x00000000eec80000)
  from space 24064K, 0% used [0x00000000eec80000,0x00000000eec80000,0x00000000f0400000)
  to   space 45056K, 0% used [0x00000000f2000000,0x00000000f2000000,0x00000000f4c00000)
 ParOldGen       total 303104K, used 302968K [0x00000000c0000000, 0x00000000d2800000, 0x00000000eab00000)
  object space 303104K, 99% used [0x00000000c0000000,0x00000000d27de218,0x00000000d2800000)
 Metaspace       used 70494K, committed 71552K, reserved 1114112K
  class space    used 7320K, committed 7808K, reserved 1048576K
}
Event: 1000.874 GC heap before
{Heap before GC invocations=220 (full 17):
 PSYoungGen      total 91136K, used 67072K [0x00000000eab00000, 0x00000000f4c00000, 0x0000000100000000)
  eden space 67072K, 100% used [0x00000000eab00000,0x00000000eec80000,0x00000000eec80000)
  from space 24064K, 0% used [0x00000000eec80000,0x00000000eec80000,0x00000000f0400000)
  to   space 45056K, 0% used [0x00000000f2000000,0x00000000f2000000,0x00000000f4c00000)
 ParOldGen       total 303104K, used 302968K [0x00000000c0000000, 0x00000000d2800000, 0x00000000eab00000)
  object space 303104K, 99% used [0x00000000c0000000,0x00000000d27de218,0x00000000d2800000)
 Metaspace       used 70746K, committed 71744K, reserved 1114112K
  class space    used 7358K, committed 7808K, reserved 1048576K
}
Event: 1000.931 GC heap after
{Heap after GC invocations=220 (full 17):
 PSYoungGen      total 117760K, used 0K [0x00000000eab00000, 0x00000000f4b80000, 0x0000000100000000)
  eden space 73216K, 0% used [0x00000000eab00000,0x00000000eab00000,0x00000000ef280000)
  from space 44544K, 0% used [0x00000000f2000000,0x00000000f2000000,0x00000000f4b80000)
  to   space 45568K, 0% used [0x00000000ef280000,0x00000000ef280000,0x00000000f1f00000)
 ParOldGen       total 346112K, used 213923K [0x00000000c0000000, 0x00000000d5200000, 0x00000000eab00000)
  object space 346112K, 61% used [0x00000000c0000000,0x00000000cd0e8e88,0x00000000d5200000)
 Metaspace       used 70746K, committed 71744K, reserved 1114112K
  class space    used 7358K, committed 7808K, reserved 1048576K
}

